<?xml version="1.0" encoding="UTF-8"?>
<!-- Generated by org.testng.reporters.JUnitReportReporter -->
<testsuite hostname="LAPTOP-BIM2FR3V" failures="0" tests="1" name="Scenarios.MouseHover" time="6.786" errors="0" timestamp="2024-05-21T10:08:00 IST" skipped="0">
  <testcase classname="Scenarios.MouseHover" name="dragAndDrop" time="6.786"/>
  <system-out/>
</testsuite> <!-- Scenarios.MouseHover -->
