<?xml version="1.0" encoding="UTF-8"?>
<!-- Generated by org.testng.reporters.JUnitReportReporter -->
<testsuite hostname="LAPTOP-BIM2FR3V" failures="0" tests="1" name="Scenarios.Switching" time="11.369" errors="0" timestamp="2024-05-23T09:38:55 IST" skipped="0">
  <testcase classname="Scenarios.Switching" name="switchWin" time="11.369"/>
</testsuite> <!-- Scenarios.Switching -->
